1506402021045	geckodriver	INFO	geckodriver 0.18.0
1506402021050	geckodriver	INFO	Listening on 127.0.0.1:37609
1506402022164	geckodriver::marionette	INFO	Starting browser /usr/bin/firefox with args ["-marionette"]
1506402023092	Marionette	INFO	Enabled via --marionette
1506402024503	Marionette	INFO	Listening on port 43775
JavaScript error: chrome://marionette/content/server.js, line 337: NS_ERROR_SOCKET_ADDRESS_IN_USE: Component returned failure code: 0x804b0036 (NS_ERROR_SOCKET_ADDRESS_IN_USE) [nsIServerSocket.initSpecialConnection]
1506402024639	Marionette	DEBUG	loaded listener.js
1506402141972	geckodriver	INFO	geckodriver 0.18.0
1506402141975	geckodriver	INFO	Listening on 127.0.0.1:39871
1506402143111	geckodriver::marionette	INFO	Starting browser /usr/bin/firefox with args ["-marionette"]
1506402143633	Marionette	INFO	Enabled via --marionette
1506402144842	Marionette	INFO	Listening on port 42765
JavaScript error: chrome://marionette/content/server.js, line 337: NS_ERROR_SOCKET_ADDRESS_IN_USE: Component returned failure code: 0x804b0036 (NS_ERROR_SOCKET_ADDRESS_IN_USE) [nsIServerSocket.initSpecialConnection]
1506402144980	Marionette	DEBUG	loaded listener.js
1506402331882	geckodriver	INFO	geckodriver 0.18.0
1506402331885	geckodriver	INFO	Listening on 127.0.0.1:55927
1506402333014	geckodriver::marionette	INFO	Starting browser /usr/bin/firefox with args ["-marionette"]
1506402333551	Marionette	INFO	Enabled via --marionette
1506402334807	Marionette	INFO	Listening on port 38563
JavaScript error: chrome://marionette/content/server.js, line 337: NS_ERROR_SOCKET_ADDRESS_IN_USE: Component returned failure code: 0x804b0036 (NS_ERROR_SOCKET_ADDRESS_IN_USE) [nsIServerSocket.initSpecialConnection]
1506402334938	Marionette	DEBUG	loaded listener.js
1506402364115	geckodriver	INFO	geckodriver 0.18.0
1506402364118	geckodriver	INFO	Listening on 127.0.0.1:43925
1506402365245	geckodriver::marionette	INFO	Starting browser /usr/bin/firefox with args ["-marionette"]
1506402365771	Marionette	INFO	Enabled via --marionette
1506402367399	Marionette	INFO	Listening on port 35019
JavaScript error: chrome://marionette/content/server.js, line 337: NS_ERROR_SOCKET_ADDRESS_IN_USE: Component returned failure code: 0x804b0036 (NS_ERROR_SOCKET_ADDRESS_IN_USE) [nsIServerSocket.initSpecialConnection]
1506402367526	Marionette	DEBUG	loaded listener.js
1506403337479	geckodriver	INFO	geckodriver 0.18.0
1506403337482	geckodriver	INFO	Listening on 127.0.0.1:57035
1506403338612	geckodriver::marionette	INFO	Starting browser /usr/bin/firefox with args ["-marionette"]
1506403339111	Marionette	INFO	Enabled via --marionette
1506403340297	Marionette	INFO	Listening on port 44377
JavaScript error: chrome://marionette/content/server.js, line 337: NS_ERROR_SOCKET_ADDRESS_IN_USE: Component returned failure code: 0x804b0036 (NS_ERROR_SOCKET_ADDRESS_IN_USE) [nsIServerSocket.initSpecialConnection]
1506403340425	Marionette	DEBUG	loaded listener.js
1506403397608	geckodriver	INFO	geckodriver 0.18.0
1506403397611	geckodriver	INFO	Listening on 127.0.0.1:52681
1506403398779	geckodriver::marionette	INFO	Starting browser /usr/bin/firefox with args ["-marionette"]
1506403398939	addons.manager	DEBUG	Application has been upgraded
1506403398954	addons.manager	DEBUG	Loaded provider scope for resource://gre/modules/addons/XPIProvider.jsm: ["XPIProvider", "XPIInternal"]
1506403398957	addons.manager	DEBUG	Loaded provider scope for resource://gre/modules/LightweightThemeManager.jsm: ["LightweightThemeManager"]
1506403398978	addons.manager	DEBUG	Loaded provider scope for resource://gre/modules/addons/GMPProvider.jsm
1506403398980	addons.manager	DEBUG	Loaded provider scope for resource://gre/modules/addons/PluginProvider.jsm
1506403398981	addons.manager	DEBUG	Starting provider: XPIProvider
1506403398981	addons.xpi	DEBUG	startup
1506403398982	addons.xpi	INFO	SystemAddonInstallLocation directory is missing
1506403398982	addons.xpi	INFO	Removing all system add-on upgrades.
1506403398983	addons.xpi	DEBUG	checkForChanges
1506403398983	addons.xpi	DEBUG	Loaded add-on state: ${}
1506403398984	addons.xpi	INFO	Mapping webcompat@mozilla.org to /usr/lib/firefox/browser/features/webcompat@mozilla.org.xpi
1506403398985	addons.xpi	INFO	Mapping aushelper@mozilla.org to /usr/lib/firefox/browser/features/aushelper@mozilla.org.xpi
1506403398985	addons.xpi	INFO	Mapping shield-recipe-client@mozilla.org to /usr/lib/firefox/browser/features/shield-recipe-client@mozilla.org.xpi
1506403398985	addons.xpi	INFO	Mapping e10srollout@mozilla.org to /usr/lib/firefox/browser/features/e10srollout@mozilla.org.xpi
1506403398985	addons.xpi	INFO	Mapping screenshots@mozilla.org to /usr/lib/firefox/browser/features/screenshots@mozilla.org.xpi
1506403398985	addons.xpi	INFO	Mapping firefox@getpocket.com to /usr/lib/firefox/browser/features/firefox@getpocket.com.xpi
1506403398985	addons.xpi	INFO	Mapping clicktoplay-rollout@mozilla.org to /usr/lib/firefox/browser/features/clicktoplay-rollout@mozilla.org.xpi
1506403398985	addons.xpi	INFO	Mapping followonsearch@mozilla.com to /usr/lib/firefox/browser/features/followonsearch@mozilla.com.xpi
1506403398986	addons.xpi	DEBUG	New add-on webcompat@mozilla.org in app-system-defaults
1506403398986	addons.xpi	INFO	Mapping webcompat@mozilla.org to /usr/lib/firefox/browser/features/webcompat@mozilla.org.xpi
1506403398987	addons.xpi	DEBUG	New add-on aushelper@mozilla.org in app-system-defaults
1506403398987	addons.xpi	INFO	Mapping aushelper@mozilla.org to /usr/lib/firefox/browser/features/aushelper@mozilla.org.xpi
1506403398987	addons.xpi	DEBUG	New add-on shield-recipe-client@mozilla.org in app-system-defaults
1506403398988	addons.xpi	INFO	Mapping shield-recipe-client@mozilla.org to /usr/lib/firefox/browser/features/shield-recipe-client@mozilla.org.xpi
1506403398988	addons.xpi	DEBUG	New add-on e10srollout@mozilla.org in app-system-defaults
1506403398988	addons.xpi	INFO	Mapping e10srollout@mozilla.org to /usr/lib/firefox/browser/features/e10srollout@mozilla.org.xpi
1506403398989	addons.xpi	DEBUG	New add-on screenshots@mozilla.org in app-system-defaults
1506403398989	addons.xpi	INFO	Mapping screenshots@mozilla.org to /usr/lib/firefox/browser/features/screenshots@mozilla.org.xpi
1506403398989	addons.xpi	DEBUG	New add-on firefox@getpocket.com in app-system-defaults
1506403398990	addons.xpi	INFO	Mapping firefox@getpocket.com to /usr/lib/firefox/browser/features/firefox@getpocket.com.xpi
1506403398990	addons.xpi	DEBUG	New add-on clicktoplay-rollout@mozilla.org in app-system-defaults
1506403398990	addons.xpi	INFO	Mapping clicktoplay-rollout@mozilla.org to /usr/lib/firefox/browser/features/clicktoplay-rollout@mozilla.org.xpi
1506403398990	addons.xpi	DEBUG	New add-on followonsearch@mozilla.com in app-system-defaults
1506403398990	addons.xpi	INFO	Mapping followonsearch@mozilla.com to /usr/lib/firefox/browser/features/followonsearch@mozilla.com.xpi
1506403398991	addons.xpi	INFO	Mapping langpack-en-ZA@firefox.mozilla.org to /usr/lib/firefox/browser/extensions/langpack-en-ZA@firefox.mozilla.org.xpi
1506403398991	addons.xpi	INFO	Mapping langpack-en-GB@firefox.mozilla.org to /usr/lib/firefox/browser/extensions/langpack-en-GB@firefox.mozilla.org.xpi
1506403398991	addons.xpi	INFO	Mapping {972ce4c6-7e08-4474-a285-3208198ce6fd} to /usr/lib/firefox/browser/extensions/{972ce4c6-7e08-4474-a285-3208198ce6fd}.xpi
1506403398991	addons.xpi	INFO	Mapping langpack-th@firefox.mozilla.org to /usr/lib/firefox/browser/extensions/langpack-th@firefox.mozilla.org.xpi
1506403398991	addons.xpi	DEBUG	New add-on langpack-en-ZA@firefox.mozilla.org in app-global
1506403398991	addons.xpi	INFO	Mapping langpack-en-ZA@firefox.mozilla.org to /usr/lib/firefox/browser/extensions/langpack-en-ZA@firefox.mozilla.org.xpi
1506403398992	addons.xpi	DEBUG	New add-on langpack-en-GB@firefox.mozilla.org in app-global
1506403398992	addons.xpi	INFO	Mapping langpack-en-GB@firefox.mozilla.org to /usr/lib/firefox/browser/extensions/langpack-en-GB@firefox.mozilla.org.xpi
1506403398992	addons.xpi	DEBUG	New add-on {972ce4c6-7e08-4474-a285-3208198ce6fd} in app-global
1506403398992	addons.xpi	INFO	Mapping {972ce4c6-7e08-4474-a285-3208198ce6fd} to /usr/lib/firefox/browser/extensions/{972ce4c6-7e08-4474-a285-3208198ce6fd}.xpi
1506403398992	addons.xpi	DEBUG	New add-on langpack-th@firefox.mozilla.org in app-global
1506403398993	addons.xpi	INFO	Mapping langpack-th@firefox.mozilla.org to /usr/lib/firefox/browser/extensions/langpack-th@firefox.mozilla.org.xpi
1506403398993	addons.xpi	DEBUG	getInstallState changed: true, state: {}
1506403398993	addons.xpi	INFO	SystemAddonInstallLocation directory is missing
1506403398998	addons.xpi-utils	DEBUG	Opening XPI database /tmp/rust_mozprofile.C6K4fBcwuxNA/extensions.json
1506403399000	addons.xpi-utils	DEBUG	New add-on webcompat@mozilla.org installed in app-system-defaults
*** Blocklist::_loadBlocklistFromFile: blocklist is disabled
1506403399018	DeferredSave.extensions.json	DEBUG	Save changes
1506403399019	addons.xpi-utils	DEBUG	New add-on aushelper@mozilla.org installed in app-system-defaults
1506403399021	DeferredSave.extensions.json	DEBUG	Starting timer
1506403399022	DeferredSave.extensions.json	DEBUG	Save changes
1506403399022	addons.xpi-utils	DEBUG	New add-on shield-recipe-client@mozilla.org installed in app-system-defaults
1506403399025	DeferredSave.extensions.json	DEBUG	Save changes
1506403399025	addons.xpi-utils	DEBUG	New add-on e10srollout@mozilla.org installed in app-system-defaults
1506403399028	DeferredSave.extensions.json	DEBUG	Save changes
1506403399028	addons.xpi-utils	DEBUG	New add-on screenshots@mozilla.org installed in app-system-defaults
1506403399031	DeferredSave.extensions.json	DEBUG	Save changes
1506403399031	addons.xpi-utils	DEBUG	New add-on firefox@getpocket.com installed in app-system-defaults
1506403399035	DeferredSave.extensions.json	DEBUG	Save changes
1506403399035	addons.xpi-utils	DEBUG	New add-on clicktoplay-rollout@mozilla.org installed in app-system-defaults
1506403399037	DeferredSave.extensions.json	DEBUG	Save changes
1506403399037	addons.xpi-utils	DEBUG	New add-on followonsearch@mozilla.com installed in app-system-defaults
1506403399039	DeferredSave.extensions.json	DEBUG	Save changes
1506403399039	addons.xpi-utils	DEBUG	New add-on langpack-en-ZA@firefox.mozilla.org installed in app-global
1506403399044	DeferredSave.extensions.json	DEBUG	Save changes
1506403399044	addons.xpi-utils	DEBUG	New add-on langpack-en-GB@firefox.mozilla.org installed in app-global
1506403399049	DeferredSave.extensions.json	DEBUG	Save changes
1506403399050	addons.xpi-utils	DEBUG	New add-on {972ce4c6-7e08-4474-a285-3208198ce6fd} installed in app-global
1506403399054	DeferredSave.extensions.json	DEBUG	Save changes
1506403399054	addons.xpi-utils	DEBUG	New add-on langpack-th@firefox.mozilla.org installed in app-global
1506403399059	DeferredSave.extensions.json	DEBUG	Save changes
1506403399060	addons.manager	DEBUG	Registering startup change 'installed' for webcompat@mozilla.org
1506403399066	addons.xpi	DEBUG	Loading bootstrap scope from /usr/lib/firefox/browser/features/webcompat@mozilla.org.xpi
1506403399068	addons.xpi	DEBUG	Calling bootstrap method install on webcompat@mozilla.org version 1.1
1506403399068	addons.xpi-utils	DEBUG	Make addon app-system-defaults:webcompat@mozilla.org visible
1506403399069	addons.xpi	DEBUG	Updating XPIState for {"id":"webcompat@mozilla.org","syncGUID":"{76985d8e-cbed-4869-ac3c-e133cf5e85b5}","location":"app-system-defaults","version":"1.1","type":"extension","internalName":null,"updateURL":null,"updateKey":null,"optionsURL":null,"optionsType":null,"aboutURL":null,"defaultLocale":{"name":"Web Compat","description":"Urgent post-release fixes for web compatibility.","creator":null,"homepageURL":null},"visible":true,"active":false,"userDisabled":false,"appDisabled":false,"installDate":1502895176000,"updateDate":1502895176000,"applyBackgroundUpdates":1,"bootstrap":true,"path":"/usr/lib/firefox/browser/features/webcompat@mozilla.org.xpi","skinnable":false,"size":8992,"sourceURI":null,"releaseNotesURI":null,"softDisabled":false,"foreignInstall":false,"hasBinaryComponents":false,"strictCompatibility":false,"locales":[],"targetApplications":[{"id":"{ec8030f7-c20a-464f-9b0e-13a3a9e97384}","minVersion":"55.0.2","maxVersion":"55.*"}],"targetPlatforms":[],"multiprocessCompatible":true,"seen":true,"dependencies":[],"hasEmbeddedWebExtension":false,"mpcOptedOut":false,"userPermissions":null,"icons":{},"iconURL":null,"icon64URL":null}
1506403399071	DeferredSave.extensions.json	DEBUG	Save changes
1506403399071	addons.manager	DEBUG	Registering startup change 'installed' for aushelper@mozilla.org
1506403399072	addons.xpi	DEBUG	Loading bootstrap scope from /usr/lib/firefox/browser/features/aushelper@mozilla.org.xpi
1506403399074	addons.xpi	DEBUG	Calling bootstrap method install on aushelper@mozilla.org version 2.0
1506403399074	addons.xpi-utils	DEBUG	Make addon app-system-defaults:aushelper@mozilla.org visible
1506403399074	addons.xpi	DEBUG	Updating XPIState for {"id":"aushelper@mozilla.org","syncGUID":"{ddbaaa67-f2a8-465d-9ba9-b1c51044ed72}","location":"app-system-defaults","version":"2.0","type":"extension","internalName":null,"updateURL":null,"updateKey":null,"optionsURL":null,"optionsType":null,"aboutURL":null,"defaultLocale":{"name":"Application Update Service Helper","description":"Sets value(s) in the update url based on custom checks.","creator":null,"homepageURL":null},"visible":true,"active":false,"userDisabled":false,"appDisabled":false,"installDate":1502895176000,"updateDate":1502895176000,"applyBackgroundUpdates":1,"bootstrap":true,"path":"/usr/lib/firefox/browser/features/aushelper@mozilla.org.xpi","skinnable":false,"size":8488,"sourceURI":null,"releaseNotesURI":null,"softDisabled":false,"foreignInstall":false,"hasBinaryComponents":false,"strictCompatibility":false,"locales":[],"targetApplications":[{"id":"{ec8030f7-c20a-464f-9b0e-13a3a9e97384}","minVersion":"55.0.2","maxVersion":"55.*"}],"targetPlatforms":[],"multiprocessCompatible":true,"seen":true,"dependencies":[],"hasEmbeddedWebExtension":false,"mpcOptedOut":false,"userPermissions":null,"icons":{},"iconURL":null,"icon64URL":null}
1506403399075	DeferredSave.extensions.json	DEBUG	Save changes
1506403399075	addons.manager	DEBUG	Registering startup change 'installed' for shield-recipe-client@mozilla.org
1506403399076	addons.xpi	DEBUG	Loading bootstrap scope from /usr/lib/firefox/browser/features/shield-recipe-client@mozilla.org.xpi
1506403399077	addons.xpi	DEBUG	Calling bootstrap method install on shield-recipe-client@mozilla.org version 55.1
1506403399077	addons.xpi-utils	DEBUG	Make addon app-system-defaults:shield-recipe-client@mozilla.org visible
1506403399077	addons.xpi	DEBUG	Updating XPIState for {"id":"shield-recipe-client@mozilla.org","syncGUID":"{6edb230a-4f3d-487b-8dd9-82dbb0e2fd49}","location":"app-system-defaults","version":"55.1","type":"extension","internalName":null,"updateURL":null,"updateKey":null,"optionsURL":null,"optionsType":null,"aboutURL":null,"defaultLocale":{"name":"Shield Recipe Client","description":"Client to download and run recipes for SHIELD, Heartbeat, etc.","creator":null,"homepageURL":null},"visible":true,"active":false,"userDisabled":false,"appDisabled":false,"installDate":1502895176000,"updateDate":1502895176000,"applyBackgroundUpdates":1,"bootstrap":true,"path":"/usr/lib/firefox/browser/features/shield-recipe-client@mozilla.org.xpi","skinnable":false,"size":140305,"sourceURI":null,"releaseNotesURI":null,"softDisabled":false,"foreignInstall":false,"hasBinaryComponents":false,"strictCompatibility":false,"locales":[],"targetApplications":[{"id":"{ec8030f7-c20a-464f-9b0e-13a3a9e97384}","minVersion":"55.0.2","maxVersion":"55.*"}],"targetPlatforms":[],"multiprocessCompatible":true,"seen":true,"dependencies":[],"hasEmbeddedWebExtension":false,"mpcOptedOut":false,"userPermissions":null,"icons":{},"iconURL":null,"icon64URL":null}
1506403399078	DeferredSave.extensions.json	DEBUG	Save changes
1506403399078	addons.manager	DEBUG	Registering startup change 'installed' for e10srollout@mozilla.org
1506403399079	addons.xpi	DEBUG	Loading bootstrap scope from /usr/lib/firefox/browser/features/e10srollout@mozilla.org.xpi
1506403399081	addons.xpi	DEBUG	Calling bootstrap method install on e10srollout@mozilla.org version 2.0
1506403399083	addons.xpi-utils	DEBUG	Make addon app-system-defaults:e10srollout@mozilla.org visible
1506403399083	addons.xpi	DEBUG	Updating XPIState for {"id":"e10srollout@mozilla.org","syncGUID":"{7d446a4f-099c-4a72-acf1-fc1ff20de266}","location":"app-system-defaults","version":"2.0","type":"extension","internalName":null,"updateURL":null,"updateKey":null,"optionsURL":null,"optionsType":null,"aboutURL":null,"defaultLocale":{"name":"Multi-process staged rollout","description":"Staged rollout of Firefox multi-process feature.","creator":null,"homepageURL":null},"visible":true,"active":false,"userDisabled":false,"appDisabled":false,"installDate":1502895176000,"updateDate":1502895176000,"applyBackgroundUpdates":1,"bootstrap":true,"path":"/usr/lib/firefox/browser/features/e10srollout@mozilla.org.xpi","skinnable":false,"size":13287,"sourceURI":null,"releaseNotesURI":null,"softDisabled":false,"foreignInstall":false,"hasBinaryComponents":false,"strictCompatibility":false,"locales":[],"targetApplications":[{"id":"{ec8030f7-c20a-464f-9b0e-13a3a9e97384}","minVersion":"55.0.2","maxVersion":"55.*"}],"targetPlatforms":[],"multiprocessCompatible":true,"seen":true,"dependencies":[],"hasEmbeddedWebExtension":false,"mpcOptedOut":false,"userPermissions":null,"icons":{},"iconURL":null,"icon64URL":null}
1506403399083	DeferredSave.extensions.json	DEBUG	Save changes
1506403399083	addons.manager	DEBUG	Registering startup change 'installed' for screenshots@mozilla.org
1506403399084	addons.xpi	DEBUG	Loading bootstrap scope from /usr/lib/firefox/browser/features/screenshots@mozilla.org.xpi
1506403399085	addons.xpi	DEBUG	Calling bootstrap method install on screenshots@mozilla.org version 10.10.0
1506403399086	addons.xpi-utils	DEBUG	Make addon app-system-defaults:screenshots@mozilla.org visible
1506403399086	addons.xpi	DEBUG	Updating XPIState for {"id":"screenshots@mozilla.org","syncGUID":"{8bc940b1-0d9c-48d4-8266-06dd6fe949f1}","location":"app-system-defaults","version":"10.10.0","type":"extension","internalName":null,"updateURL":null,"updateKey":null,"optionsURL":null,"optionsType":null,"aboutURL":null,"defaultLocale":{"name":"Firefox Screenshots","description":null,"creator":null,"homepageURL":"https://pageshot.net/"},"visible":true,"active":false,"userDisabled":false,"appDisabled":false,"installDate":1502895176000,"updateDate":1502895176000,"applyBackgroundUpdates":1,"bootstrap":true,"path":"/usr/lib/firefox/browser/features/screenshots@mozilla.org.xpi","skinnable":false,"size":651762,"sourceURI":null,"releaseNotesURI":null,"softDisabled":false,"foreignInstall":false,"hasBinaryComponents":false,"strictCompatibility":false,"locales":[],"targetApplications":[{"id":"{ec8030f7-c20a-464f-9b0e-13a3a9e97384}","minVersion":"51.0a1","maxVersion":"*"}],"targetPlatforms":[],"multiprocessCompatible":true,"seen":true,"dependencies":[],"hasEmbeddedWebExtension":false,"mpcOptedOut":false,"userPermissions":null,"icons":{},"iconURL":null,"icon64URL":null}
1506403399086	DeferredSave.extensions.json	DEBUG	Save changes
1506403399086	addons.manager	DEBUG	Registering startup change 'installed' for firefox@getpocket.com
1506403399087	addons.xpi	DEBUG	Loading bootstrap scope from /usr/lib/firefox/browser/features/firefox@getpocket.com.xpi
1506403399091	addons.xpi	DEBUG	Calling bootstrap method install on firefox@getpocket.com version 1.0.5
1506403399091	addons.xpi-utils	DEBUG	Make addon app-system-defaults:firefox@getpocket.com visible
1506403399091	addons.xpi	DEBUG	Updating XPIState for {"id":"firefox@getpocket.com","syncGUID":"{fd872e53-e246-4567-a9bc-f6b339281636}","location":"app-system-defaults","version":"1.0.5","type":"extension","internalName":null,"updateURL":null,"updateKey":null,"optionsURL":null,"optionsType":null,"aboutURL":null,"defaultLocale":{"name":"Pocket","description":"When you find something you want to view later, put it in Pocket.","creator":null,"homepageURL":null},"visible":true,"active":false,"userDisabled":false,"appDisabled":false,"installDate":1502895176000,"updateDate":1502895176000,"applyBackgroundUpdates":1,"bootstrap":true,"path":"/usr/lib/firefox/browser/features/firefox@getpocket.com.xpi","skinnable":false,"size":855802,"sourceURI":null,"releaseNotesURI":null,"softDisabled":false,"foreignInstall":false,"hasBinaryComponents":false,"strictCompatibility":false,"locales":[],"targetApplications":[{"id":"{ec8030f7-c20a-464f-9b0e-13a3a9e97384}","minVersion":"55.0.2","maxVersion":"55.*"}],"targetPlatforms":[],"multiprocessCompatible":true,"seen":true,"dependencies":[],"hasEmbeddedWebExtension":false,"mpcOptedOut":false,"userPermissions":null,"icons":{},"iconURL":null,"icon64URL":null}
1506403399092	DeferredSave.extensions.json	DEBUG	Save changes
1506403399092	addons.manager	DEBUG	Registering startup change 'installed' for clicktoplay-rollout@mozilla.org
1506403399092	addons.xpi	DEBUG	Loading bootstrap scope from /usr/lib/firefox/browser/features/clicktoplay-rollout@mozilla.org.xpi
1506403399100	addons.xpi	DEBUG	Calling bootstrap method install on clicktoplay-rollout@mozilla.org version 1.2
1506403399100	addons.xpi-utils	DEBUG	Make addon app-system-defaults:clicktoplay-rollout@mozilla.org visible
1506403399100	addons.xpi	DEBUG	Updating XPIState for {"id":"clicktoplay-rollout@mozilla.org","syncGUID":"{a143fc71-d0d2-4d13-a1ce-425f4a849623}","location":"app-system-defaults","version":"1.2","type":"extension","internalName":null,"updateURL":null,"updateKey":null,"optionsURL":null,"optionsType":null,"aboutURL":null,"defaultLocale":{"name":"Click-to-Play staged rollout","description":"Staged rollout for Click-to-Play Flash.","creator":null,"homepageURL":null},"visible":true,"active":false,"userDisabled":false,"appDisabled":false,"installDate":1502895176000,"updateDate":1502895176000,"applyBackgroundUpdates":1,"bootstrap":true,"path":"/usr/lib/firefox/browser/features/clicktoplay-rollout@mozilla.org.xpi","skinnable":false,"size":5621,"sourceURI":null,"releaseNotesURI":null,"softDisabled":false,"foreignInstall":false,"hasBinaryComponents":false,"strictCompatibility":false,"locales":[],"targetApplications":[{"id":"{ec8030f7-c20a-464f-9b0e-13a3a9e97384}","minVersion":"55.0.2","maxVersion":"55.*"}],"targetPlatforms":[],"multiprocessCompatible":true,"seen":true,"dependencies":[],"hasEmbeddedWebExtension":false,"mpcOptedOut":false,"userPermissions":null,"icons":{},"iconURL":null,"icon64URL":null}
1506403399101	DeferredSave.extensions.json	DEBUG	Save changes
1506403399101	addons.manager	DEBUG	Registering startup change 'installed' for followonsearch@mozilla.com
1506403399101	addons.xpi	DEBUG	Loading bootstrap scope from /usr/lib/firefox/browser/features/followonsearch@mozilla.com.xpi
1506403399103	addons.xpi	DEBUG	Calling bootstrap method install on followonsearch@mozilla.com version 0.9.1
1506403399103	addons.xpi-utils	DEBUG	Make addon app-system-defaults:followonsearch@mozilla.com visible
1506403399103	addons.xpi	DEBUG	Updating XPIState for {"id":"followonsearch@mozilla.com","syncGUID":"{54989941-71a7-4e92-9ebc-71262d2a4d42}","location":"app-system-defaults","version":"0.9.1","type":"extension","internalName":null,"updateURL":null,"updateKey":null,"optionsURL":null,"optionsType":null,"aboutURL":null,"defaultLocale":{"name":"Follow-on Search Telemetry","description":null,"creator":null,"homepageURL":null},"visible":true,"active":false,"userDisabled":false,"appDisabled":false,"installDate":1502895176000,"updateDate":1502895176000,"applyBackgroundUpdates":1,"bootstrap":true,"path":"/usr/lib/firefox/browser/features/followonsearch@mozilla.com.xpi","skinnable":false,"size":16730,"sourceURI":null,"releaseNotesURI":null,"softDisabled":false,"foreignInstall":false,"hasBinaryComponents":false,"strictCompatibility":false,"locales":[],"targetApplications":[{"id":"{ec8030f7-c20a-464f-9b0e-13a3a9e97384}","minVersion":"52.0","maxVersion":"59.*"}],"targetPlatforms":[],"multiprocessCompatible":true,"seen":true,"dependencies":[],"hasEmbeddedWebExtension":false,"mpcOptedOut":false,"userPermissions":null,"icons":{},"iconURL":null,"icon64URL":null}
1506403399104	DeferredSave.extensions.json	DEBUG	Save changes
1506403399104	addons.manager	DEBUG	Registering startup change 'installed' for langpack-en-ZA@firefox.mozilla.org
1506403399104	addons.manager	DEBUG	Registering startup change 'installed' for langpack-en-ZA@firefox.mozilla.org
1506403399104	addons.xpi-utils	DEBUG	Make addon app-global:langpack-en-ZA@firefox.mozilla.org visible
1506403399105	addons.xpi	DEBUG	Updating XPIState for {"id":"langpack-en-ZA@firefox.mozilla.org","syncGUID":"{7ccb6505-9194-4dc0-a578-bff76d91b1b2}","location":"app-global","version":"55.0.2","type":"locale","internalName":null,"updateURL":null,"updateKey":null,"optionsURL":null,"optionsType":null,"optionsBrowserStyle":null,"aboutURL":null,"defaultLocale":{"name":"English (South Africa) Language Pack","description":null,"creator":"Translate.org.za","homepageURL":null,"contributors":["Translate.org.za","Dwayne Bailey"]},"visible":true,"active":false,"userDisabled":false,"appDisabled":false,"installDate":1502895176000,"updateDate":1502895176000,"applyBackgroundUpdates":1,"bootstrap":true,"path":"/usr/lib/firefox/browser/extensions/langpack-en-ZA@firefox.mozilla.org.xpi","skinnable":false,"size":1228236,"sourceURI":null,"releaseNotesURI":null,"softDisabled":false,"foreignInstall":true,"hasBinaryComponents":false,"strictCompatibility":true,"locales":[],"targetApplications":[{"id":"{ec8030f7-c20a-464f-9b0e-13a3a9e97384}","minVersion":"55.0.2","maxVersion":"55.*"}],"targetPlatforms":[],"seen":true,"dependencies":[],"hasEmbeddedWebExtension":false,"userPermissions":null,"icons":{},"iconURL":null,"icon64URL":null}
1506403399105	DeferredSave.extensions.json	DEBUG	Save changes
1506403399105	addons.manager	DEBUG	Registering startup change 'installed' for langpack-en-GB@firefox.mozilla.org
1506403399105	addons.manager	DEBUG	Registering startup change 'installed' for langpack-en-GB@firefox.mozilla.org
1506403399106	addons.xpi-utils	DEBUG	Make addon app-global:langpack-en-GB@firefox.mozilla.org visible
1506403399106	addons.xpi	DEBUG	Updating XPIState for {"id":"langpack-en-GB@firefox.mozilla.org","syncGUID":"{1f4e63de-7ad2-483d-95b2-dc9085d857ac}","location":"app-global","version":"55.0.2","type":"locale","internalName":null,"updateURL":null,"updateKey":null,"optionsURL":null,"optionsType":null,"optionsBrowserStyle":null,"aboutURL":null,"defaultLocale":{"name":"English (GB) Language Pack","description":null,"creator":"Mark Tyndall","homepageURL":null,"contributors":["David Bartlett","Constantine Murenin","Ian Neal"]},"visible":true,"active":false,"userDisabled":false,"appDisabled":false,"installDate":1502895176000,"updateDate":1502895176000,"applyBackgroundUpdates":1,"bootstrap":true,"path":"/usr/lib/firefox/browser/extensions/langpack-en-GB@firefox.mozilla.org.xpi","skinnable":false,"size":1230880,"sourceURI":null,"releaseNotesURI":null,"softDisabled":false,"foreignInstall":true,"hasBinaryComponents":false,"strictCompatibility":true,"locales":[],"targetApplications":[{"id":"{ec8030f7-c20a-464f-9b0e-13a3a9e97384}","minVersion":"55.0.2","maxVersion":"55.*"}],"targetPlatforms":[],"seen":true,"dependencies":[],"hasEmbeddedWebExtension":false,"userPermissions":null,"icons":{},"iconURL":null,"icon64URL":null}
1506403399107	DeferredSave.extensions.json	DEBUG	Save changes
1506403399107	addons.xpi-utils	DEBUG	Make addon app-global:{972ce4c6-7e08-4474-a285-3208198ce6fd} visible
1506403399107	addons.xpi	DEBUG	Updating XPIState for {"id":"{972ce4c6-7e08-4474-a285-3208198ce6fd}","syncGUID":"{d96e74a3-df06-48a9-810a-fa1795fd92e3}","location":"app-global","version":"55.0.2","type":"theme","internalName":"classic/1.0","updateURL":null,"updateKey":null,"optionsURL":null,"optionsType":null,"optionsBrowserStyle":null,"aboutURL":null,"defaultLocale":{"name":"Default","description":"The default theme.","creator":"Mozilla","homepageURL":null,"contributors":["Mozilla Contributors"]},"visible":true,"active":false,"userDisabled":false,"appDisabled":false,"installDate":1502895176000,"updateDate":1502895176000,"applyBackgroundUpdates":1,"path":"/usr/lib/firefox/browser/extensions/{972ce4c6-7e08-4474-a285-3208198ce6fd}.xpi","skinnable":true,"size":2918,"sourceURI":null,"releaseNotesURI":null,"softDisabled":false,"foreignInstall":false,"hasBinaryComponents":false,"strictCompatibility":true,"locales":[],"targetApplications":[{"id":"{ec8030f7-c20a-464f-9b0e-13a3a9e97384}","minVersion":"55.0.2","maxVersion":"55.0.2"}],"targetPlatforms":[],"seen":true,"dependencies":[],"hasEmbeddedWebExtension":false,"userPermissions":null,"icons":{},"iconURL":"chrome://browser/content/default-theme-icon.svg","icon64URL":null}
1506403399108	DeferredSave.extensions.json	DEBUG	Save changes
1506403399108	addons.manager	DEBUG	Registering startup change 'installed' for langpack-th@firefox.mozilla.org
1506403399108	addons.manager	DEBUG	Registering startup change 'installed' for langpack-th@firefox.mozilla.org
1506403399109	addons.xpi-utils	DEBUG	Make addon app-global:langpack-th@firefox.mozilla.org visible
1506403399110	addons.xpi	DEBUG	Updating XPIState for {"id":"langpack-th@firefox.mozilla.org","syncGUID":"{0746de40-d6fa-4384-a853-6b68d53c36ce}","location":"app-global","version":"55.0.2","type":"locale","internalName":null,"updateURL":null,"updateKey":null,"optionsURL":null,"optionsType":null,"optionsBrowserStyle":null,"aboutURL":null,"defaultLocale":{"name":"ไทย Language Pack","description":null,"creator":"mozilla.org","homepageURL":null,"contributors":["Nattapong Ekudomsuk","Patipat Susumpow","Pittaya Sroilong","Teerapat Taechaiya","Vee Satayamas","Wichai Termwuttipreecha"]},"visible":true,"active":false,"userDisabled":false,"appDisabled":false,"installDate":1502895176000,"updateDate":1502895176000,"applyBackgroundUpdates":1,"bootstrap":true,"path":"/usr/lib/firefox/browser/extensions/langpack-th@firefox.mozilla.org.xpi","skinnable":false,"size":1567762,"sourceURI":null,"releaseNotesURI":null,"softDisabled":false,"foreignInstall":true,"hasBinaryComponents":false,"strictCompatibility":true,"locales":[],"targetApplications":[{"id":"{ec8030f7-c20a-464f-9b0e-13a3a9e97384}","minVersion":"55.0.2","maxVersion":"55.*"}],"targetPlatforms":[],"seen":true,"dependencies":[],"hasEmbeddedWebExtension":false,"userPermissions":null,"icons":{},"iconURL":null,"icon64URL":null}
1506403399111	DeferredSave.extensions.json	DEBUG	Save changes
1506403399111	addons.xpi	DEBUG	Updating XPIState for {"id":"webcompat@mozilla.org","syncGUID":"{76985d8e-cbed-4869-ac3c-e133cf5e85b5}","location":"app-system-defaults","version":"1.1","type":"extension","internalName":null,"updateURL":null,"updateKey":null,"optionsURL":null,"optionsType":null,"aboutURL":null,"defaultLocale":{"name":"Web Compat","description":"Urgent post-release fixes for web compatibility.","creator":null,"homepageURL":null},"visible":true,"active":true,"userDisabled":false,"appDisabled":false,"installDate":1502895176000,"updateDate":1502895176000,"applyBackgroundUpdates":1,"bootstrap":true,"path":"/usr/lib/firefox/browser/features/webcompat@mozilla.org.xpi","skinnable":false,"size":8992,"sourceURI":null,"releaseNotesURI":null,"softDisabled":false,"foreignInstall":false,"hasBinaryComponents":false,"strictCompatibility":false,"locales":[],"targetApplications":[{"id":"{ec8030f7-c20a-464f-9b0e-13a3a9e97384}","minVersion":"55.0.2","maxVersion":"55.*"}],"targetPlatforms":[],"multiprocessCompatible":true,"seen":true,"dependencies":[],"hasEmbeddedWebExtension":false,"mpcOptedOut":false,"userPermissions":null,"icons":{},"iconURL":null,"icon64URL":null}
1506403399112	addons.xpi	DEBUG	Updating XPIState for {"id":"aushelper@mozilla.org","syncGUID":"{ddbaaa67-f2a8-465d-9ba9-b1c51044ed72}","location":"app-system-defaults","version":"2.0","type":"extension","internalName":null,"updateURL":null,"updateKey":null,"optionsURL":null,"optionsType":null,"aboutURL":null,"defaultLocale":{"name":"Application Update Service Helper","description":"Sets value(s) in the update url based on custom checks.","creator":null,"homepageURL":null},"visible":true,"active":true,"userDisabled":false,"appDisabled":false,"installDate":1502895176000,"updateDate":1502895176000,"applyBackgroundUpdates":1,"bootstrap":true,"path":"/usr/lib/firefox/browser/features/aushelper@mozilla.org.xpi","skinnable":false,"size":8488,"sourceURI":null,"releaseNotesURI":null,"softDisabled":false,"foreignInstall":false,"hasBinaryComponents":false,"strictCompatibility":false,"locales":[],"targetApplications":[{"id":"{ec8030f7-c20a-464f-9b0e-13a3a9e97384}","minVersion":"55.0.2","maxVersion":"55.*"}],"targetPlatforms":[],"multiprocessCompatible":true,"seen":true,"dependencies":[],"hasEmbeddedWebExtension":false,"mpcOptedOut":false,"userPermissions":null,"icons":{},"iconURL":null,"icon64URL":null}
1506403399112	addons.xpi	DEBUG	Updating XPIState for {"id":"shield-recipe-client@mozilla.org","syncGUID":"{6edb230a-4f3d-487b-8dd9-82dbb0e2fd49}","location":"app-system-defaults","version":"55.1","type":"extension","internalName":null,"updateURL":null,"updateKey":null,"optionsURL":null,"optionsType":null,"aboutURL":null,"defaultLocale":{"name":"Shield Recipe Client","description":"Client to download and run recipes for SHIELD, Heartbeat, etc.","creator":null,"homepageURL":null},"visible":true,"active":true,"userDisabled":false,"appDisabled":false,"installDate":1502895176000,"updateDate":1502895176000,"applyBackgroundUpdates":1,"bootstrap":true,"path":"/usr/lib/firefox/browser/features/shield-recipe-client@mozilla.org.xpi","skinnable":false,"size":140305,"sourceURI":null,"releaseNotesURI":null,"softDisabled":false,"foreignInstall":false,"hasBinaryComponents":false,"strictCompatibility":false,"locales":[],"targetApplications":[{"id":"{ec8030f7-c20a-464f-9b0e-13a3a9e97384}","minVersion":"55.0.2","maxVersion":"55.*"}],"targetPlatforms":[],"multiprocessCompatible":true,"seen":true,"dependencies":[],"hasEmbeddedWebExtension":false,"mpcOptedOut":false,"userPermissions":null,"icons":{},"iconURL":null,"icon64URL":null}
1506403399112	addons.xpi	DEBUG	Updating XPIState for {"id":"e10srollout@mozilla.org","syncGUID":"{7d446a4f-099c-4a72-acf1-fc1ff20de266}","location":"app-system-defaults","version":"2.0","type":"extension","internalName":null,"updateURL":null,"updateKey":null,"optionsURL":null,"optionsType":null,"aboutURL":null,"defaultLocale":{"name":"Multi-process staged rollout","description":"Staged rollout of Firefox multi-process feature.","creator":null,"homepageURL":null},"visible":true,"active":true,"userDisabled":false,"appDisabled":false,"installDate":1502895176000,"updateDate":1502895176000,"applyBackgroundUpdates":1,"bootstrap":true,"path":"/usr/lib/firefox/browser/features/e10srollout@mozilla.org.xpi","skinnable":false,"size":13287,"sourceURI":null,"releaseNotesURI":null,"softDisabled":false,"foreignInstall":false,"hasBinaryComponents":false,"strictCompatibility":false,"locales":[],"targetApplications":[{"id":"{ec8030f7-c20a-464f-9b0e-13a3a9e97384}","minVersion":"55.0.2","maxVersion":"55.*"}],"targetPlatforms":[],"multiprocessCompatible":true,"seen":true,"dependencies":[],"hasEmbeddedWebExtension":false,"mpcOptedOut":false,"userPermissions":null,"icons":{},"iconURL":null,"icon64URL":null}
1506403399112	addons.xpi	DEBUG	Updating XPIState for {"id":"screenshots@mozilla.org","syncGUID":"{8bc940b1-0d9c-48d4-8266-06dd6fe949f1}","location":"app-system-defaults","version":"10.10.0","type":"extension","internalName":null,"updateURL":null,"updateKey":null,"optionsURL":null,"optionsType":null,"aboutURL":null,"defaultLocale":{"name":"Firefox Screenshots","description":null,"creator":null,"homepageURL":"https://pageshot.net/"},"visible":true,"active":true,"userDisabled":false,"appDisabled":false,"installDate":1502895176000,"updateDate":1502895176000,"applyBackgroundUpdates":1,"bootstrap":true,"path":"/usr/lib/firefox/browser/features/screenshots@mozilla.org.xpi","skinnable":false,"size":651762,"sourceURI":null,"releaseNotesURI":null,"softDisabled":false,"foreignInstall":false,"hasBinaryComponents":false,"strictCompatibility":false,"locales":[],"targetApplications":[{"id":"{ec8030f7-c20a-464f-9b0e-13a3a9e97384}","minVersion":"51.0a1","maxVersion":"*"}],"targetPlatforms":[],"multiprocessCompatible":true,"seen":true,"dependencies":[],"hasEmbeddedWebExtension":false,"mpcOptedOut":false,"userPermissions":null,"icons":{},"iconURL":null,"icon64URL":null}
1506403399112	addons.xpi	DEBUG	Updating XPIState for {"id":"firefox@getpocket.com","syncGUID":"{fd872e53-e246-4567-a9bc-f6b339281636}","location":"app-system-defaults","version":"1.0.5","type":"extension","internalName":null,"updateURL":null,"updateKey":null,"optionsURL":null,"optionsType":null,"aboutURL":null,"defaultLocale":{"name":"Pocket","description":"When you find something you want to view later, put it in Pocket.","creator":null,"homepageURL":null},"visible":true,"active":true,"userDisabled":false,"appDisabled":false,"installDate":1502895176000,"updateDate":1502895176000,"applyBackgroundUpdates":1,"bootstrap":true,"path":"/usr/lib/firefox/browser/features/firefox@getpocket.com.xpi","skinnable":false,"size":855802,"sourceURI":null,"releaseNotesURI":null,"softDisabled":false,"foreignInstall":false,"hasBinaryComponents":false,"strictCompatibility":false,"locales":[],"targetApplications":[{"id":"{ec8030f7-c20a-464f-9b0e-13a3a9e97384}","minVersion":"55.0.2","maxVersion":"55.*"}],"targetPlatforms":[],"multiprocessCompatible":true,"seen":true,"dependencies":[],"hasEmbeddedWebExtension":false,"mpcOptedOut":false,"userPermissions":null,"icons":{},"iconURL":null,"icon64URL":null}
1506403399112	addons.xpi	DEBUG	Updating XPIState for {"id":"clicktoplay-rollout@mozilla.org","syncGUID":"{a143fc71-d0d2-4d13-a1ce-425f4a849623}","location":"app-system-defaults","version":"1.2","type":"extension","internalName":null,"updateURL":null,"updateKey":null,"optionsURL":null,"optionsType":null,"aboutURL":null,"defaultLocale":{"name":"Click-to-Play staged rollout","description":"Staged rollout for Click-to-Play Flash.","creator":null,"homepageURL":null},"visible":true,"active":true,"userDisabled":false,"appDisabled":false,"installDate":1502895176000,"updateDate":1502895176000,"applyBackgroundUpdates":1,"bootstrap":true,"path":"/usr/lib/firefox/browser/features/clicktoplay-rollout@mozilla.org.xpi","skinnable":false,"size":5621,"sourceURI":null,"releaseNotesURI":null,"softDisabled":false,"foreignInstall":false,"hasBinaryComponents":false,"strictCompatibility":false,"locales":[],"targetApplications":[{"id":"{ec8030f7-c20a-464f-9b0e-13a3a9e97384}","minVersion":"55.0.2","maxVersion":"55.*"}],"targetPlatforms":[],"multiprocessCompatible":true,"seen":true,"dependencies":[],"hasEmbeddedWebExtension":false,"mpcOptedOut":false,"userPermissions":null,"icons":{},"iconURL":null,"icon64URL":null}
1506403399112	addons.xpi	DEBUG	Updating XPIState for {"id":"followonsearch@mozilla.com","syncGUID":"{54989941-71a7-4e92-9ebc-71262d2a4d42}","location":"app-system-defaults","version":"0.9.1","type":"extension","internalName":null,"updateURL":null,"updateKey":null,"optionsURL":null,"optionsType":null,"aboutURL":null,"defaultLocale":{"name":"Follow-on Search Telemetry","description":null,"creator":null,"homepageURL":null},"visible":true,"active":true,"userDisabled":false,"appDisabled":false,"installDate":1502895176000,"updateDate":1502895176000,"applyBackgroundUpdates":1,"bootstrap":true,"path":"/usr/lib/firefox/browser/features/followonsearch@mozilla.com.xpi","skinnable":false,"size":16730,"sourceURI":null,"releaseNotesURI":null,"softDisabled":false,"foreignInstall":false,"hasBinaryComponents":false,"strictCompatibility":false,"locales":[],"targetApplications":[{"id":"{ec8030f7-c20a-464f-9b0e-13a3a9e97384}","minVersion":"52.0","maxVersion":"59.*"}],"targetPlatforms":[],"multiprocessCompatible":true,"seen":true,"dependencies":[],"hasEmbeddedWebExtension":false,"mpcOptedOut":false,"userPermissions":null,"icons":{},"iconURL":null,"icon64URL":null}
1506403399112	addons.xpi	DEBUG	Updating XPIState for {"id":"langpack-en-ZA@firefox.mozilla.org","syncGUID":"{7ccb6505-9194-4dc0-a578-bff76d91b1b2}","location":"app-global","version":"55.0.2","type":"locale","internalName":null,"updateURL":null,"updateKey":null,"optionsURL":null,"optionsType":null,"optionsBrowserStyle":null,"aboutURL":null,"defaultLocale":{"name":"English (South Africa) Language Pack","description":null,"creator":"Translate.org.za","homepageURL":null,"contributors":["Translate.org.za","Dwayne Bailey"]},"visible":true,"active":true,"userDisabled":false,"appDisabled":false,"installDate":1502895176000,"updateDate":1502895176000,"applyBackgroundUpdates":1,"bootstrap":true,"path":"/usr/lib/firefox/browser/extensions/langpack-en-ZA@firefox.mozilla.org.xpi","skinnable":false,"size":1228236,"sourceURI":null,"releaseNotesURI":null,"softDisabled":false,"foreignInstall":true,"hasBinaryComponents":false,"strictCompatibility":true,"locales":[],"targetApplications":[{"id":"{ec8030f7-c20a-464f-9b0e-13a3a9e97384}","minVersion":"55.0.2","maxVersion":"55.*"}],"targetPlatforms":[],"seen":true,"dependencies":[],"hasEmbeddedWebExtension":false,"userPermissions":null,"icons":{},"iconURL":null,"icon64URL":null}
1506403399112	addons.xpi	DEBUG	Updating XPIState for {"id":"langpack-en-GB@firefox.mozilla.org","syncGUID":"{1f4e63de-7ad2-483d-95b2-dc9085d857ac}","location":"app-global","version":"55.0.2","type":"locale","internalName":null,"updateURL":null,"updateKey":null,"optionsURL":null,"optionsType":null,"optionsBrowserStyle":null,"aboutURL":null,"defaultLocale":{"name":"English (GB) Language Pack","description":null,"creator":"Mark Tyndall","homepageURL":null,"contributors":["David Bartlett","Constantine Murenin","Ian Neal"]},"visible":true,"active":true,"userDisabled":false,"appDisabled":false,"installDate":1502895176000,"updateDate":1502895176000,"applyBackgroundUpdates":1,"bootstrap":true,"path":"/usr/lib/firefox/browser/extensions/langpack-en-GB@firefox.mozilla.org.xpi","skinnable":false,"size":1230880,"sourceURI":null,"releaseNotesURI":null,"softDisabled":false,"foreignInstall":true,"hasBinaryComponents":false,"strictCompatibility":true,"locales":[],"targetApplications":[{"id":"{ec8030f7-c20a-464f-9b0e-13a3a9e97384}","minVersion":"55.0.2","maxVersion":"55.*"}],"targetPlatforms":[],"seen":true,"dependencies":[],"hasEmbeddedWebExtension":false,"userPermissions":null,"icons":{},"iconURL":null,"icon64URL":null}
1506403399113	addons.xpi	DEBUG	Updating XPIState for {"id":"{972ce4c6-7e08-4474-a285-3208198ce6fd}","syncGUID":"{d96e74a3-df06-48a9-810a-fa1795fd92e3}","location":"app-global","version":"55.0.2","type":"theme","internalName":"classic/1.0","updateURL":null,"updateKey":null,"optionsURL":null,"optionsType":null,"optionsBrowserStyle":null,"aboutURL":null,"defaultLocale":{"name":"Default","description":"The default theme.","creator":"Mozilla","homepageURL":null,"contributors":["Mozilla Contributors"]},"visible":true,"active":true,"userDisabled":false,"appDisabled":false,"installDate":1502895176000,"updateDate":1502895176000,"applyBackgroundUpdates":1,"path":"/usr/lib/firefox/browser/extensions/{972ce4c6-7e08-4474-a285-3208198ce6fd}.xpi","skinnable":true,"size":2918,"sourceURI":null,"releaseNotesURI":null,"softDisabled":false,"foreignInstall":false,"hasBinaryComponents":false,"strictCompatibility":true,"locales":[],"targetApplications":[{"id":"{ec8030f7-c20a-464f-9b0e-13a3a9e97384}","minVersion":"55.0.2","maxVersion":"55.0.2"}],"targetPlatforms":[],"seen":true,"dependencies":[],"hasEmbeddedWebExtension":false,"userPermissions":null,"icons":{},"iconURL":"chrome://browser/content/default-theme-icon.svg","icon64URL":null}
1506403399113	addons.xpi	DEBUG	Updating XPIState for {"id":"langpack-th@firefox.mozilla.org","syncGUID":"{0746de40-d6fa-4384-a853-6b68d53c36ce}","location":"app-global","version":"55.0.2","type":"locale","internalName":null,"updateURL":null,"updateKey":null,"optionsURL":null,"optionsType":null,"optionsBrowserStyle":null,"aboutURL":null,"defaultLocale":{"name":"ไทย Language Pack","description":null,"creator":"mozilla.org","homepageURL":null,"contributors":["Nattapong Ekudomsuk","Patipat Susumpow","Pittaya Sroilong","Teerapat Taechaiya","Vee Satayamas","Wichai Termwuttipreecha"]},"visible":true,"active":true,"userDisabled":false,"appDisabled":false,"installDate":1502895176000,"updateDate":1502895176000,"applyBackgroundUpdates":1,"bootstrap":true,"path":"/usr/lib/firefox/browser/extensions/langpack-th@firefox.mozilla.org.xpi","skinnable":false,"size":1567762,"sourceURI":null,"releaseNotesURI":null,"softDisabled":false,"foreignInstall":true,"hasBinaryComponents":false,"strictCompatibility":true,"locales":[],"targetApplications":[{"id":"{ec8030f7-c20a-464f-9b0e-13a3a9e97384}","minVersion":"55.0.2","maxVersion":"55.*"}],"targetPlatforms":[],"seen":true,"dependencies":[],"hasEmbeddedWebExtension":false,"userPermissions":null,"icons":{},"iconURL":null,"icon64URL":null}
1506403399113	DeferredSave.extensions.json	DEBUG	Save changes
1506403399113	addons.xpi	DEBUG	Updating database with changes to installed add-ons
1506403399113	addons.xpi-utils	DEBUG	Updating add-on states
1506403399117	addons.xpi	DEBUG	Registering manifest for /usr/lib/firefox/browser/features/aushelper@mozilla.org.xpi
1506403399117	addons.xpi	DEBUG	Calling bootstrap method startup on aushelper@mozilla.org version 2.0
1506403399118	addons.xpi	DEBUG	Registering manifest for /usr/lib/firefox/browser/features/clicktoplay-rollout@mozilla.org.xpi
1506403399118	addons.xpi	DEBUG	Calling bootstrap method startup on clicktoplay-rollout@mozilla.org version 1.2
1506403399141	addons.xpi	DEBUG	Registering manifest for /usr/lib/firefox/browser/features/e10srollout@mozilla.org.xpi
1506403399141	addons.xpi	DEBUG	Calling bootstrap method startup on e10srollout@mozilla.org version 2.0
1506403399142	addons.xpi	DEBUG	Registering manifest for /usr/lib/firefox/browser/features/firefox@getpocket.com.xpi
1506403399142	addons.xpi	DEBUG	Calling bootstrap method startup on firefox@getpocket.com version 1.0.5
1506403399166	addons.xpi	DEBUG	Registering manifest for /usr/lib/firefox/browser/features/followonsearch@mozilla.com.xpi
1506403399166	addons.xpi	DEBUG	Calling bootstrap method startup on followonsearch@mozilla.com version 0.9.1
1506403399166	addons.xpi	DEBUG	Registering manifest for /usr/lib/firefox/browser/extensions/langpack-en-GB@firefox.mozilla.org.xpi
1506403399167	addons.xpi	DEBUG	Registering manifest for /usr/lib/firefox/browser/extensions/langpack-en-ZA@firefox.mozilla.org.xpi
1506403399168	addons.xpi	DEBUG	Registering manifest for /usr/lib/firefox/browser/extensions/langpack-th@firefox.mozilla.org.xpi
1506403399169	addons.xpi	DEBUG	Registering manifest for /usr/lib/firefox/browser/features/screenshots@mozilla.org.xpi
1506403399169	addons.xpi	DEBUG	Calling bootstrap method startup on screenshots@mozilla.org version 10.10.0
1506403399170	addons.xpi	DEBUG	Registering manifest for /usr/lib/firefox/browser/features/shield-recipe-client@mozilla.org.xpi
1506403399170	addons.xpi	DEBUG	Calling bootstrap method startup on shield-recipe-client@mozilla.org version 55.1
1506403399176	addons.xpi	DEBUG	Registering manifest for /usr/lib/firefox/browser/features/webcompat@mozilla.org.xpi
1506403399177	addons.xpi	DEBUG	Calling bootstrap method startup on webcompat@mozilla.org version 1.1
1506403399181	addons.manager	DEBUG	Registering shutdown blocker for XPIProvider
1506403399181	addons.manager	DEBUG	Provider finished startup: XPIProvider
1506403399181	addons.manager	DEBUG	Starting provider: LightweightThemeManager
1506403399181	addons.manager	DEBUG	Registering shutdown blocker for LightweightThemeManager
1506403399181	addons.manager	DEBUG	Provider finished startup: LightweightThemeManager
1506403399181	addons.manager	DEBUG	Starting provider: GMPProvider
1506403399184	addons.manager	DEBUG	Registering shutdown blocker for GMPProvider
1506403399184	addons.manager	DEBUG	Provider finished startup: GMPProvider
1506403399184	addons.manager	DEBUG	Starting provider: PluginProvider
1506403399184	addons.manager	DEBUG	Registering shutdown blocker for PluginProvider
1506403399185	addons.manager	DEBUG	Provider finished startup: PluginProvider
1506403399185	addons.manager	DEBUG	Completed startup sequence
1506403399281	Marionette	INFO	Enabled via --marionette
1506403399490	addons.manager	DEBUG	Starting provider: PreviousExperimentProvider
1506403399490	addons.manager	DEBUG	Registering shutdown blocker for PreviousExperimentProvider
1506403399491	addons.manager	DEBUG	Provider finished startup: PreviousExperimentProvider
1506403399493	DeferredSave.extensions.json	DEBUG	Starting write
1506403399587	DeferredSave.extensions.json	DEBUG	Write succeeded
1506403399587	addons.xpi-utils	DEBUG	XPI Database saved, setting schema version preference to 21
1506403400259	addons.manager	DEBUG	Starting provider: <unnamed-provider>
1506403400259	addons.manager	DEBUG	Registering shutdown blocker for <unnamed-provider>
1506403400259	addons.manager	DEBUG	Provider finished startup: <unnamed-provider>
1506403400262	addons.xpi	INFO	Mapping webcompat@mozilla.org to /usr/lib/firefox/browser/features/webcompat@mozilla.org.xpi
1506403400262	addons.xpi	INFO	Mapping aushelper@mozilla.org to /usr/lib/firefox/browser/features/aushelper@mozilla.org.xpi
1506403400262	addons.xpi	INFO	Mapping shield-recipe-client@mozilla.org to /usr/lib/firefox/browser/features/shield-recipe-client@mozilla.org.xpi
1506403400262	addons.xpi	INFO	Mapping e10srollout@mozilla.org to /usr/lib/firefox/browser/features/e10srollout@mozilla.org.xpi
1506403400262	addons.xpi	INFO	Mapping screenshots@mozilla.org to /usr/lib/firefox/browser/features/screenshots@mozilla.org.xpi
1506403400262	addons.xpi	INFO	Mapping firefox@getpocket.com to /usr/lib/firefox/browser/features/firefox@getpocket.com.xpi
1506403400262	addons.xpi	INFO	Mapping clicktoplay-rollout@mozilla.org to /usr/lib/firefox/browser/features/clicktoplay-rollout@mozilla.org.xpi
1506403400262	addons.xpi	INFO	Mapping followonsearch@mozilla.com to /usr/lib/firefox/browser/features/followonsearch@mozilla.com.xpi
1506403400262	addons.xpi	DEBUG	Existing add-on webcompat@mozilla.org in app-system-defaults
1506403400263	addons.xpi	DEBUG	Existing add-on aushelper@mozilla.org in app-system-defaults
1506403400263	addons.xpi	DEBUG	Existing add-on shield-recipe-client@mozilla.org in app-system-defaults
1506403400263	addons.xpi	DEBUG	Existing add-on e10srollout@mozilla.org in app-system-defaults
1506403400263	addons.xpi	DEBUG	Existing add-on screenshots@mozilla.org in app-system-defaults
1506403400263	addons.xpi	DEBUG	Existing add-on firefox@getpocket.com in app-system-defaults
1506403400263	addons.xpi	DEBUG	Existing add-on clicktoplay-rollout@mozilla.org in app-system-defaults
1506403400264	addons.xpi	DEBUG	Existing add-on followonsearch@mozilla.com in app-system-defaults
1506403400264	addons.xpi	INFO	Mapping langpack-en-ZA@firefox.mozilla.org to /usr/lib/firefox/browser/extensions/langpack-en-ZA@firefox.mozilla.org.xpi
1506403400264	addons.xpi	INFO	Mapping langpack-en-GB@firefox.mozilla.org to /usr/lib/firefox/browser/extensions/langpack-en-GB@firefox.mozilla.org.xpi
1506403400264	addons.xpi	INFO	Mapping {972ce4c6-7e08-4474-a285-3208198ce6fd} to /usr/lib/firefox/browser/extensions/{972ce4c6-7e08-4474-a285-3208198ce6fd}.xpi
1506403400264	addons.xpi	INFO	Mapping langpack-th@firefox.mozilla.org to /usr/lib/firefox/browser/extensions/langpack-th@firefox.mozilla.org.xpi
1506403400264	addons.xpi	DEBUG	Existing add-on langpack-en-ZA@firefox.mozilla.org in app-global
1506403400264	addons.xpi	DEBUG	Existing add-on langpack-en-GB@firefox.mozilla.org in app-global
1506403400265	addons.xpi	DEBUG	Existing add-on {972ce4c6-7e08-4474-a285-3208198ce6fd} in app-global
1506403400265	addons.xpi	DEBUG	Existing add-on langpack-th@firefox.mozilla.org in app-global
1506403400265	addons.xpi	DEBUG	getInstallState changed: false, state: {}
1506403400512	addons.productaddons	INFO	sending request to: https://aus5.mozilla.org/update/3/GMP/55.0.2/20170816204344/Linux_x86_64-gcc3/null/release-cck- ubuntu/Linux%204.10.0-35-generic%20(GTK%203.22.11%2Clibpulse%2010.0.0)/canonical/1.0/update.xml
1506403400568	Marionette	INFO	Listening on port 46693
JavaScript error: chrome://marionette/content/server.js, line 337: NS_ERROR_SOCKET_ADDRESS_IN_USE: Component returned failure code: 0x804b0036 (NS_ERROR_SOCKET_ADDRESS_IN_USE) [nsIServerSocket.initSpecialConnection]
1506403400661	Marionette	WARN	TLS certificate errors will be ignored for this session
1506403400700	Marionette	DEBUG	loaded listener.js
1506403400726	Marionette	DEBUG	Received DOM event "beforeunload" for "about:blank"
1506403400759	Marionette	DEBUG	Received DOM event "pagehide" for "about:blank"
1506403400759	Marionette	DEBUG	Received DOM event "unload" for "about:blank"
1506403401379	addons.productaddons	INFO	Completed downloading document
1506403403172	Marionette	DEBUG	Received DOM event "DOMContentLoaded" for "http://venus/Sale_vue/#/"
1506403403373	addons.productaddons	INFO	downloadXHR File download. status=200
1506403403384	addons.productaddons	INFO	Downloaded file will be saved to /tmp/tmpaddon
1506403403504	Marionette	DEBUG	Received DOM event "pageshow" for "http://venus/Sale_vue/#/"
1506403403994	Marionette	DEBUG	Canceled page load listener because no navigation has been detected
1506403409397	Marionette	INFO	New connections will no longer be accepted
1506403409415	addons.xpi	DEBUG	Calling bootstrap method shutdown on webcompat@mozilla.org version 1.1
1506403409416	addons.xpi	DEBUG	Calling bootstrap method shutdown on shield-recipe-client@mozilla.org version 55.1
1506403409421	addons.xpi	DEBUG	Calling bootstrap method shutdown on screenshots@mozilla.org version 10.10.0
1506403409422	addons.xpi	DEBUG	Calling bootstrap method shutdown on followonsearch@mozilla.com version 0.9.1
1506403409423	addons.xpi	DEBUG	Calling bootstrap method shutdown on firefox@getpocket.com version 1.0.5
1506403409423	addons.xpi	DEBUG	Calling bootstrap method shutdown on e10srollout@mozilla.org version 2.0
1506403409426	addons.xpi	DEBUG	Calling bootstrap method shutdown on clicktoplay-rollout@mozilla.org version 1.2
1506403409427	addons.xpi	DEBUG	Calling bootstrap method shutdown on aushelper@mozilla.org version 2.0
[Child 16220] WARNING: pipe error (20): Connection reset by peer: file /build/firefox-qZqDB8/firefox-55.0.2+build1/ipc/chromium/src/chrome/common/ipc_channel_posix.cc, line 353
[Child 16220] WARNING: pipe error (3): Connection reset by peer: file /build/firefox-qZqDB8/firefox-55.0.2+build1/ipc/chromium/src/chrome/common/ipc_channel_posix.cc, line 353
